{"name": "test_exitdetails[getexitdata0]", "status": "broken", "statusDetails": {"message": "selenium.common.exceptions.NoSuchElementException: Message: Could not locate element with visible text: 60 days; For documentation on this error, please visit: https://www.selenium.dev/documentation/webdriver/troubleshooting/errors#no-such-element-exception", "trace": "self = <tests.test_companyinfo.Testcompanyinformation object at 0x0000028CD9792A50>\ngetexitdata = {'exit_type': 'Resignation', 'notice_period': '60 days', 'resignationdate': '10-12-2024'}\n\n    @allure.severity(allure.severity_level.NORMAL)\n    def test_exitdetails(self,getexitdata):\n    \n        exitdetailspage = Exitdetailspage(self.driver)\n        exitdetailspage.getexit_button().click()\n        #button = exitdetailspage.getexit_button()\n        # self.driver.execute_script(\"arguments[0].scrollIntoView(true);\", button)\n        # button.click()\n        exitdetailspage.getresignation_date().send_keys(getexitdata[\"resignationdate\"])\n>       self.selectOptionByText(exitdetailspage.getnotice_period(),getexitdata[\"notice_period\"])\n\ntests\\test_companyinfo.py:178: \n_ _ _ _ _ _ _ _ _ _ _ _ _ _ _ _ _ _ _ _ _ _ _ _ _ _ _ _ _ _ _ _ _ _ _ _ _ _ _ _ _ _ _ _ _ _ _ _ _ _ _ _ _ _ _ _ _ _ _ _ _ _ _ _ _ _ _ _ _ _ _ _ _ _ _ _ _ _ _\nUtilities\\BaseClass.py:61: in selectOptionByText\n    sel.select_by_visible_text(text)\n_ _ _ _ _ _ _ _ _ _ _ _ _ _ _ _ _ _ _ _ _ _ _ _ _ _ _ _ _ _ _ _ _ _ _ _ _ _ _ _ _ _ _ _ _ _ _ _ _ _ _ _ _ _ _ _ _ _ _ _ _ _ _ _ _ _ _ _ _ _ _ _ _ _ _ _ _ _ _\n\nself = <selenium.webdriver.support.select.Select object at 0x0000028CD9801FD0>, text = '60 days'\n\n    def select_by_visible_text(self, text: str) -> None:\n        \"\"\"Select all options that display text matching the argument. That is,\n        when given \"Bar\" this would select an option like:\n    \n         <option value=\"foo\">Bar</option>\n    \n        :Args:\n         - text - The visible text to match against\n    \n         throws NoSuchElementException If there is no option with specified text in SELECT\n        \"\"\"\n        xpath = f\".//option[normalize-space(.) = {self._escape_string(text)}]\"\n        opts = self._el.find_elements(By.XPATH, xpath)\n        matched = False\n        for opt in opts:\n            self._set_selected(opt)\n            if not self.is_multiple:\n                return\n            matched = True\n    \n        if len(opts) == 0 and \" \" in text:\n            sub_string_without_space = self._get_longest_token(text)\n            if sub_string_without_space == \"\":\n                candidates = self.options\n            else:\n                xpath = f\".//option[contains(.,{self._escape_string(sub_string_without_space)})]\"\n                candidates = self._el.find_elements(By.XPATH, xpath)\n            for candidate in candidates:\n                if text == candidate.text:\n                    self._set_selected(candidate)\n                    if not self.is_multiple:\n                        return\n                    matched = True\n    \n        if not matched:\n>           raise NoSuchElementException(f\"Could not locate element with visible text: {text}\")\nE           selenium.common.exceptions.NoSuchElementException: Message: Could not locate element with visible text: 60 days; For documentation on this error, please visit: https://www.selenium.dev/documentation/webdriver/troubleshooting/errors#no-such-element-exception\n\n.venv\\Lib\\site-packages\\selenium\\webdriver\\support\\select.py:137: NoSuchElementException"}, "parameters": [{"name": "getexitdata", "value": "{'resignationdate': '10-12-2024', 'notice_period': '60 days', 'exit_type': 'Resignation'}"}], "start": 1739375129304, "stop": 1739375170313, "uuid": "8a2aa873-f5ab-42ca-a295-d0dd6b6a5fec", "historyId": "26287f1e5c0f5701080f51525864626f", "testCaseId": "5c5aa54bb39a2e523cc0e7961310f653", "fullName": "tests.test_companyinfo.Testcompanyinformation#test_exitdetails", "labels": [{"name": "severity", "value": "normal"}, {"name": "tag", "value": "@pytest.mark.usefixtures('setupbrowser')"}, {"name": "parentSuite", "value": "tests"}, {"name": "suite", "value": "test_companyinfo"}, {"name": "subSuite", "value": "Testcompanyinformation"}, {"name": "host", "value": "PACLAP-072"}, {"name": "thread", "value": "5800-MainThread"}, {"name": "framework", "value": "pytest"}, {"name": "language", "value": "cpython3"}, {"name": "package", "value": "tests.test_companyinfo"}]}