{"name": "test_addemployee[getData0-getdata3]", "status": "broken", "statusDetails": {"message": "selenium.common.exceptions.NoSuchElementException: Message: no such element: Unable to locate element: {\"method\":\"css selector\",\"selector\":\"[name=\"first_name\"]\"}\n  (Session info: chrome=132.0.6834.197); For documentation on this error, please visit: https://www.selenium.dev/documentation/webdriver/troubleshooting/errors#no-such-element-exception\nStacktrace:\n\tGetHandleVerifier [0x00007FF6835A02F5+28725]\n\t(No symbol) [0x00007FF683502AE0]\n\t(No symbol) [0x00007FF68339510A]\n\t(No symbol) [0x00007FF6833E93D2]\n\t(No symbol) [0x00007FF6833E95FC]\n\t(No symbol) [0x00007FF683433407]\n\t(No symbol) [0x00007FF68340FFEF]\n\t(No symbol) [0x00007FF683430181]\n\t(No symbol) [0x00007FF68340FD53]\n\t(No symbol) [0x00007FF6833DA0E3]\n\t(No symbol) [0x00007FF6833DB471]\n\tGetHandleVerifier [0x00007FF6838CF30D+3366989]\n\tGetHandleVerifier [0x00007FF6838E12F0+3440688]\n\tGetHandleVerifier [0x00007FF6838D78FD+3401277]\n\tGetHandleVerifier [0x00007FF68366AAAB+858091]\n\t(No symbol) [0x00007FF68350E74F]\n\t(No symbol) [0x00007FF68350A304]\n\t(No symbol) [0x00007FF68350A49D]\n\t(No symbol) [0x00007FF6834F8B69]\n\tBaseThreadInitThunk [0x00007FF8292F7374+20]\n\tRtlUserThreadStart [0x00007FF82A31CC91+33]", "trace": "self = <tests.test_addemployee.TestHRMSaddemployee object at 0x000001B34B6308A0>\nsetupbrowser = <selenium.webdriver.chrome.webdriver.WebDriver (session=\"c250a88c56fa049f28679d327622819d\")>\ngetData = {'employeeID': 'PCS116', 'password': 'Admin@123'}\ngetdata = {'company_email': None, 'dob': None, 'employeeid': None, 'emprole_dp': None, ...}\n\n    def test_addemployee(self,setupbrowser,getData,getdata):\n    \n        driver = setupbrowser\n        self.driver = setupbrowser\n        self.navigate_to_url(\"https://infotimeqa.azurewebsites.net/\")\n        self.login(getData)\n    \n        addemployeepage = Addemployeepage(driver)\n        addemployeepage.getemployee().click()\n        addemployeepage.getaddemployee().click()\n    \n    \n        personalinformation = Addemployeepage(self.driver)\n>       personalinformation.getfirstname().send_keys(getdata[\"firstname\"])\n\ntest_addemployee.py:32: \n_ _ _ _ _ _ _ _ _ _ _ _ _ _ _ _ _ _ _ _ _ _ _ _ _ _ _ _ _ _ _ _ _ _ _ _ _ _ _ _\n..\\PageObjects\\Addemployeepage.py:40: in getfirstname\n    return self.driver.find_element(*Addemployeepage.firstname)\n..\\.venv\\Lib\\site-packages\\selenium\\webdriver\\remote\\webdriver.py:770: in find_element\n    return self.execute(Command.FIND_ELEMENT, {\"using\": by, \"value\": value})[\"value\"]\n..\\.venv\\Lib\\site-packages\\selenium\\webdriver\\remote\\webdriver.py:384: in execute\n    self.error_handler.check_response(response)\n_ _ _ _ _ _ _ _ _ _ _ _ _ _ _ _ _ _ _ _ _ _ _ _ _ _ _ _ _ _ _ _ _ _ _ _ _ _ _ _\n\nself = <selenium.webdriver.remote.errorhandler.ErrorHandler object at 0x000001B34B641FD0>\nresponse = {'status': 404, 'value': '{\"value\":{\"error\":\"no such element\",\"message\":\"no such element: Unable to locate element: {\\...07FF6834F8B69]\\\\n\\\\tBaseThreadInitThunk [0x00007FF8292F7374+20]\\\\n\\\\tRtlUserThreadStart [0x00007FF82A31CC91+33]\\\\n\"}}'}\n\n    def check_response(self, response: Dict[str, Any]) -> None:\n        \"\"\"Checks that a JSON response from the WebDriver does not have an\n        error.\n    \n        :Args:\n         - response - The JSON response from the WebDriver server as a dictionary\n           object.\n    \n        :Raises: If the response contains an error message.\n        \"\"\"\n        status = response.get(\"status\", None)\n        if not status or status == ErrorCode.SUCCESS:\n            return\n        value = None\n        message = response.get(\"message\", \"\")\n        screen: str = response.get(\"screen\", \"\")\n        stacktrace = None\n        if isinstance(status, int):\n            value_json = response.get(\"value\", None)\n            if value_json and isinstance(value_json, str):\n                import json\n    \n                try:\n                    value = json.loads(value_json)\n                    if len(value) == 1:\n                        value = value[\"value\"]\n                    status = value.get(\"error\", None)\n                    if not status:\n                        status = value.get(\"status\", ErrorCode.UNKNOWN_ERROR)\n                        message = value.get(\"value\") or value.get(\"message\")\n                        if not isinstance(message, str):\n                            value = message\n                            message = message.get(\"message\")\n                    else:\n                        message = value.get(\"message\", None)\n                except ValueError:\n                    pass\n    \n        exception_class: Type[WebDriverException]\n        e = ErrorCode()\n        error_codes = [item for item in dir(e) if not item.startswith(\"__\")]\n        for error_code in error_codes:\n            error_info = getattr(ErrorCode, error_code)\n            if isinstance(error_info, list) and status in error_info:\n                exception_class = getattr(ExceptionMapping, error_code, WebDriverException)\n                break\n        else:\n            exception_class = WebDriverException\n    \n        if not value:\n            value = response[\"value\"]\n        if isinstance(value, str):\n            raise exception_class(value)\n        if message == \"\" and \"message\" in value:\n            message = value[\"message\"]\n    \n        screen = None  # type: ignore[assignment]\n        if \"screen\" in value:\n            screen = value[\"screen\"]\n    \n        stacktrace = None\n        st_value = value.get(\"stackTrace\") or value.get(\"stacktrace\")\n        if st_value:\n            if isinstance(st_value, str):\n                stacktrace = st_value.split(\"\\n\")\n            else:\n                stacktrace = []\n                try:\n                    for frame in st_value:\n                        line = frame.get(\"lineNumber\", \"\")\n                        file = frame.get(\"fileName\", \"<anonymous>\")\n                        if line:\n                            file = f\"{file}:{line}\"\n                        meth = frame.get(\"methodName\", \"<anonymous>\")\n                        if \"className\" in frame:\n                            meth = f\"{frame['className']}.{meth}\"\n                        msg = \"    at %s (%s)\"\n                        msg = msg % (meth, file)\n                        stacktrace.append(msg)\n                except TypeError:\n                    pass\n        if exception_class == UnexpectedAlertPresentException:\n            alert_text = None\n            if \"data\" in value:\n                alert_text = value[\"data\"].get(\"text\")\n            elif \"alert\" in value:\n                alert_text = value[\"alert\"].get(\"text\")\n            raise exception_class(message, screen, stacktrace, alert_text)  # type: ignore[call-arg]  # mypy is not smart enough here\n>       raise exception_class(message, screen, stacktrace)\nE       selenium.common.exceptions.NoSuchElementException: Message: no such element: Unable to locate element: {\"method\":\"css selector\",\"selector\":\"[name=\"first_name\"]\"}\nE         (Session info: chrome=132.0.6834.197); For documentation on this error, please visit: https://www.selenium.dev/documentation/webdriver/troubleshooting/errors#no-such-element-exception\nE       Stacktrace:\nE       \tGetHandleVerifier [0x00007FF6835A02F5+28725]\nE       \t(No symbol) [0x00007FF683502AE0]\nE       \t(No symbol) [0x00007FF68339510A]\nE       \t(No symbol) [0x00007FF6833E93D2]\nE       \t(No symbol) [0x00007FF6833E95FC]\nE       \t(No symbol) [0x00007FF683433407]\nE       \t(No symbol) [0x00007FF68340FFEF]\nE       \t(No symbol) [0x00007FF683430181]\nE       \t(No symbol) [0x00007FF68340FD53]\nE       \t(No symbol) [0x00007FF6833DA0E3]\nE       \t(No symbol) [0x00007FF6833DB471]\nE       \tGetHandleVerifier [0x00007FF6838CF30D+3366989]\nE       \tGetHandleVerifier [0x00007FF6838E12F0+3440688]\nE       \tGetHandleVerifier [0x00007FF6838D78FD+3401277]\nE       \tGetHandleVerifier [0x00007FF68366AAAB+858091]\nE       \t(No symbol) [0x00007FF68350E74F]\nE       \t(No symbol) [0x00007FF68350A304]\nE       \t(No symbol) [0x00007FF68350A49D]\nE       \t(No symbol) [0x00007FF6834F8B69]\nE       \tBaseThreadInitThunk [0x00007FF8292F7374+20]\nE       \tRtlUserThreadStart [0x00007FF82A31CC91+33]\n\n..\\.venv\\Lib\\site-packages\\selenium\\webdriver\\remote\\errorhandler.py:232: NoSuchElementException"}, "parameters": [{"name": "getData", "value": "{'employeeID': 'PCS116', 'password': 'Admin@123'}"}, {"name": "getdata", "value": "{'employeeid': None, 'firstname': None, 'lastname': None, 'fathername': None, 'relationtype_dp': None, 'gender_dp': None, 'marrital_status': None, 'emprole_dp': None, 'isreportingmanager_dp': None, 'mobile_number': None, 'company_email': None, 'personal_email': None, 'dob': None, 'nationality_dp': None}"}], "start": 1739780398444, "stop": 1739780448422, "uuid": "96ac8681-fbfc-4427-96da-6367a99a564a", "historyId": "0d4a5d64fc46516da8f8295362d5065c", "testCaseId": "ef2fb3200aee1c17a96dfa9bbcb5caab", "fullName": "test_addemployee.TestHRMSaddemployee#test_addemployee", "labels": [{"name": "tag", "value": "@pytest.mark.usefixtures('setupbrowser')"}, {"name": "suite", "value": "test_addemployee"}, {"name": "subSuite", "value": "TestHRMSaddemployee"}, {"name": "host", "value": "PACLAP-072"}, {"name": "thread", "value": "14824-MainThread"}, {"name": "framework", "value": "pytest"}, {"name": "language", "value": "cpython3"}, {"name": "package", "value": "test_addemployee"}]}