{"name": "test_viewselfdownload[getaccountData0]", "status": "broken", "statusDetails": {"message": "selenium.common.exceptions.NoSuchElementException: Message: no such element: Unable to locate element: {\"method\":\"xpath\",\"selector\":\"//div[@id='self_search-results']//a[@type='button']\"}\n  (Session info: chrome=132.0.6834.197); For documentation on this error, please visit: https://www.selenium.dev/documentation/webdriver/troubleshooting/errors#no-such-element-exception\nStacktrace:\n\tGetHandleVerifier [0x00007FF6F46702F5+28725]\n\t(No symbol) [0x00007FF6F45D2AE0]\n\t(No symbol) [0x00007FF6F446510A]\n\t(No symbol) [0x00007FF6F44B93D2]\n\t(No symbol) [0x00007FF6F44B95FC]\n\t(No symbol) [0x00007FF6F4503407]\n\t(No symbol) [0x00007FF6F44DFFEF]\n\t(No symbol) [0x00007FF6F4500181]\n\t(No symbol) [0x00007FF6F44DFD53]\n\t(No symbol) [0x00007FF6F44AA0E3]\n\t(No symbol) [0x00007FF6F44AB471]\n\tGetHandleVerifier [0x00007FF6F499F30D+3366989]\n\tGetHandleVerifier [0x00007FF6F49B12F0+3440688]\n\tGetHandleVerifier [0x00007FF6F49A78FD+3401277]\n\tGetHandleVerifier [0x00007FF6F473AAAB+858091]\n\t(No symbol) [0x00007FF6F45DE74F]\n\t(No symbol) [0x00007FF6F45DA304]\n\t(No symbol) [0x00007FF6F45DA49D]\n\t(No symbol) [0x00007FF6F45C8B69]\n\tBaseThreadInitThunk [0x00007FFC1BFC7374+20]\n\tRtlUserThreadStart [0x00007FFC1CD5CC91+33]", "trace": "self = <tests.test_accounts.TestAccounts object at 0x0000019B80A19250>\ngetaccountData = {'enter_employeeID': 'PCS505', 'month': 'January', 'search_employeeID': 'PCS505', 'year': '2025'}\n\n    def test_viewselfdownload(self,getaccountData):\n    \n        selfviewpage = Accountspage(self.driver)\n        selfviewpage.getaccounts().click()\n        selfviewpage.getpay_slips().click()\n        selfviewpage.getpay_slip_self().click()\n>       selfviewpage.getself_view().click()\n\ntest_accounts.py:84: \n_ _ _ _ _ _ _ _ _ _ _ _ _ _ _ _ _ _ _ _ _ _ _ _ _ _ _ _ _ _ _ _ _ _ _ _ _ _ _ _\n..\\PageObjects\\Accountspage.py:85: in getself_view\n    return self.driver.find_element(*Accountspage.self_view)\n..\\.venv\\Lib\\site-packages\\selenium\\webdriver\\remote\\webdriver.py:770: in find_element\n    return self.execute(Command.FIND_ELEMENT, {\"using\": by, \"value\": value})[\"value\"]\n..\\.venv\\Lib\\site-packages\\selenium\\webdriver\\remote\\webdriver.py:384: in execute\n    self.error_handler.check_response(response)\n_ _ _ _ _ _ _ _ _ _ _ _ _ _ _ _ _ _ _ _ _ _ _ _ _ _ _ _ _ _ _ _ _ _ _ _ _ _ _ _\n\nself = <selenium.webdriver.remote.errorhandler.ErrorHandler object at 0x0000019B80A296A0>\nresponse = {'status': 404, 'value': '{\"value\":{\"error\":\"no such element\",\"message\":\"no such element: Unable to locate element: {\\...07FF6F45C8B69]\\\\n\\\\tBaseThreadInitThunk [0x00007FFC1BFC7374+20]\\\\n\\\\tRtlUserThreadStart [0x00007FFC1CD5CC91+33]\\\\n\"}}'}\n\n    def check_response(self, response: Dict[str, Any]) -> None:\n        \"\"\"Checks that a JSON response from the WebDriver does not have an\n        error.\n    \n        :Args:\n         - response - The JSON response from the WebDriver server as a dictionary\n           object.\n    \n        :Raises: If the response contains an error message.\n        \"\"\"\n        status = response.get(\"status\", None)\n        if not status or status == ErrorCode.SUCCESS:\n            return\n        value = None\n        message = response.get(\"message\", \"\")\n        screen: str = response.get(\"screen\", \"\")\n        stacktrace = None\n        if isinstance(status, int):\n            value_json = response.get(\"value\", None)\n            if value_json and isinstance(value_json, str):\n                import json\n    \n                try:\n                    value = json.loads(value_json)\n                    if len(value) == 1:\n                        value = value[\"value\"]\n                    status = value.get(\"error\", None)\n                    if not status:\n                        status = value.get(\"status\", ErrorCode.UNKNOWN_ERROR)\n                        message = value.get(\"value\") or value.get(\"message\")\n                        if not isinstance(message, str):\n                            value = message\n                            message = message.get(\"message\")\n                    else:\n                        message = value.get(\"message\", None)\n                except ValueError:\n                    pass\n    \n        exception_class: Type[WebDriverException]\n        e = ErrorCode()\n        error_codes = [item for item in dir(e) if not item.startswith(\"__\")]\n        for error_code in error_codes:\n            error_info = getattr(ErrorCode, error_code)\n            if isinstance(error_info, list) and status in error_info:\n                exception_class = getattr(ExceptionMapping, error_code, WebDriverException)\n                break\n        else:\n            exception_class = WebDriverException\n    \n        if not value:\n            value = response[\"value\"]\n        if isinstance(value, str):\n            raise exception_class(value)\n        if message == \"\" and \"message\" in value:\n            message = value[\"message\"]\n    \n        screen = None  # type: ignore[assignment]\n        if \"screen\" in value:\n            screen = value[\"screen\"]\n    \n        stacktrace = None\n        st_value = value.get(\"stackTrace\") or value.get(\"stacktrace\")\n        if st_value:\n            if isinstance(st_value, str):\n                stacktrace = st_value.split(\"\\n\")\n            else:\n                stacktrace = []\n                try:\n                    for frame in st_value:\n                        line = frame.get(\"lineNumber\", \"\")\n                        file = frame.get(\"fileName\", \"<anonymous>\")\n                        if line:\n                            file = f\"{file}:{line}\"\n                        meth = frame.get(\"methodName\", \"<anonymous>\")\n                        if \"className\" in frame:\n                            meth = f\"{frame['className']}.{meth}\"\n                        msg = \"    at %s (%s)\"\n                        msg = msg % (meth, file)\n                        stacktrace.append(msg)\n                except TypeError:\n                    pass\n        if exception_class == UnexpectedAlertPresentException:\n            alert_text = None\n            if \"data\" in value:\n                alert_text = value[\"data\"].get(\"text\")\n            elif \"alert\" in value:\n                alert_text = value[\"alert\"].get(\"text\")\n            raise exception_class(message, screen, stacktrace, alert_text)  # type: ignore[call-arg]  # mypy is not smart enough here\n>       raise exception_class(message, screen, stacktrace)\nE       selenium.common.exceptions.NoSuchElementException: Message: no such element: Unable to locate element: {\"method\":\"xpath\",\"selector\":\"//div[@id='self_search-results']//a[@type='button']\"}\nE         (Session info: chrome=132.0.6834.197); For documentation on this error, please visit: https://www.selenium.dev/documentation/webdriver/troubleshooting/errors#no-such-element-exception\nE       Stacktrace:\nE       \tGetHandleVerifier [0x00007FF6F46702F5+28725]\nE       \t(No symbol) [0x00007FF6F45D2AE0]\nE       \t(No symbol) [0x00007FF6F446510A]\nE       \t(No symbol) [0x00007FF6F44B93D2]\nE       \t(No symbol) [0x00007FF6F44B95FC]\nE       \t(No symbol) [0x00007FF6F4503407]\nE       \t(No symbol) [0x00007FF6F44DFFEF]\nE       \t(No symbol) [0x00007FF6F4500181]\nE       \t(No symbol) [0x00007FF6F44DFD53]\nE       \t(No symbol) [0x00007FF6F44AA0E3]\nE       \t(No symbol) [0x00007FF6F44AB471]\nE       \tGetHandleVerifier [0x00007FF6F499F30D+3366989]\nE       \tGetHandleVerifier [0x00007FF6F49B12F0+3440688]\nE       \tGetHandleVerifier [0x00007FF6F49A78FD+3401277]\nE       \tGetHandleVerifier [0x00007FF6F473AAAB+858091]\nE       \t(No symbol) [0x00007FF6F45DE74F]\nE       \t(No symbol) [0x00007FF6F45DA304]\nE       \t(No symbol) [0x00007FF6F45DA49D]\nE       \t(No symbol) [0x00007FF6F45C8B69]\nE       \tBaseThreadInitThunk [0x00007FFC1BFC7374+20]\nE       \tRtlUserThreadStart [0x00007FFC1CD5CC91+33]\n\n..\\.venv\\Lib\\site-packages\\selenium\\webdriver\\remote\\errorhandler.py:232: NoSuchElementException"}, "parameters": [{"name": "getaccountData", "value": "{'month': 'January', 'year': '2025', 'enter_employeeID': 'PCS505', 'search_employeeID': 'PCS505'}"}], "start": 1739859868640, "stop": 1739859912062, "uuid": "97950118-dfd3-419c-b21c-6bed86232368", "historyId": "2d728bca6d6957f40b58f853693ecfa4", "testCaseId": "b371e2ee0f15b0093b3c40c33468a4b8", "fullName": "test_accounts.TestAccounts#test_viewselfdownload", "labels": [{"name": "tag", "value": "@pytest.mark.usefixtures('setupbrowser')"}, {"name": "suite", "value": "test_accounts"}, {"name": "subSuite", "value": "TestAccounts"}, {"name": "host", "value": "PACLAP-072"}, {"name": "thread", "value": "14612-MainThread"}, {"name": "framework", "value": "pytest"}, {"name": "language", "value": "cpython3"}, {"name": "package", "value": "test_accounts"}]}